<?xml version="1.0" encoding="UTF-8"?>
<!-- Generated by org.testng.reporters.JUnitReportReporter -->
<testsuite hostname="DESKTOP-GNMDEN3" failures="0" tests="1" name="TestCases.VerifyLogIN" time="5.316" errors="0" timestamp="2023-05-04T22:32:11 IST" skipped="0">
  <testcase classname="TestCases.VerifyLogIN" name="InvalidLogin" time="5.316"/>
  <system-out/>
</testsuite> <!-- TestCases.VerifyLogIN -->
