<?xml version="1.0" encoding="UTF-8"?>
<!-- Generated by org.testng.reporters.JUnitReportReporter -->
<testsuite hostname="DESKTOP-GNMDEN3" failures="0" tests="1" name="TestCases.VerifySignUp" time="10.460" errors="0" timestamp="2023-05-04T22:29:32 IST" skipped="0">
  <testcase classname="TestCases.VerifySignUp" name="SignUp" time="10.460"/>
  <system-out/>
</testsuite> <!-- TestCases.VerifySignUp -->
